<?xml version="1.0" encoding="UTF-8"?>
<!-- Generated by org.testng.reporters.JUnitReportReporter -->
<testsuite hostname="DESKTOP-F4DEVB3" failures="0" tests="4" name="testValidation.TestClass_TestNG" time="9.860" errors="0" timestamp="2023-03-21T13:27:21 IST" skipped="0">
  <testcase classname="testValidation.TestClass_TestNG" name="LogoValidation" time="0.358"/>
  <system-out/>
  <testcase classname="testValidation.TestClass_TestNG" name="TitalValidation" time="1.660"/>
  <system-out>
    <![CDATA[Tital is Verified]]>
  </system-out>
  <testcase classname="testValidation.TestClass_TestNG" name="CheckBoxValidation" time="0.085"/>
  <system-out/>
  <testcase classname="testValidation.TestClass_TestNG" name="LogInValidation" time="7.757"/>
  <system-out/>
</testsuite> <!-- testValidation.TestClass_TestNG -->
